#
# A fatal error has been detected by the Java Runtime Environment:
#
#  EXCEPTION_ACCESS_VIOLATION (0xc0000005) at pc=0x1aa9cc40, pid=3464, tid=3912
#
# JRE version: 6.0_24-b07
# Java VM: Java HotSpot(TM) Client VM (19.1-b02 mixed mode windows-x86 )
# Problematic frame:
# C  0x1aa9cc40
#
# If you would like to submit a bug report, please visit:
#   http://java.sun.com/webapps/bugreport/crash.jsp
# The crash happened outside the Java Virtual Machine in native code.
# See problematic frame for where to report the bug.
#

---------------  T H R E A D  ---------------

Current thread (0x18918400):  JavaThread "Animation Thread" [_thread_in_native, id=3912, stack(0x1a480000,0x1a4d0000)]

siginfo: ExceptionCode=0xc0000005, reading address 0x1aa9cc40

Registers:
EAX=0x1be30028, EBX=0x00000000, ECX=0xffffffff, EDX=0x65c41582
ESP=0x1a4ce93c, EBP=0x1a4ce9a8, ESI=0x00000000, EDI=0x1a4cf300
EIP=0x1aa9cc40, EFLAGS=0x00210206

Register to memory mapping:

EAX=0x1be30028
0x1be30028 is pointing to unknown location

EBX=0x00000000
0x00000000 is pointing to unknown location

ECX=0xffffffff
0xffffffff is pointing to unknown location

EDX=0x65c41582
0x65c41582 is pointing to unknown location

ESP=0x1a4ce93c
0x1a4ce93c is pointing into the stack for thread: 0x18918400
"Animation Thread" prio=6 tid=0x18918400 nid=0xf48 runnable [0x1a4cf000]
   java.lang.Thread.State: RUNNABLE

EBP=0x1a4ce9a8
0x1a4ce9a8 is pointing into the stack for thread: 0x18918400
"Animation Thread" prio=6 tid=0x18918400 nid=0xf48 runnable [0x1a4cf000]
   java.lang.Thread.State: RUNNABLE

ESI=0x00000000
0x00000000 is pointing to unknown location

EDI=0x1a4cf300
0x1a4cf300 is pointing into the stack for thread: 0x18918400
"Animation Thread" prio=6 tid=0x18918400 nid=0xf48 runnable [0x1a4cf000]
   java.lang.Thread.State: RUNNABLE


Top of Stack: (sp=0x1a4ce93c)
0x1a4ce93c:   6b6d0b17 1b639130 1f265710 00000000
0x1a4ce94c:   00000002 00000050 1b639130 1b639130
0x1a4ce95c:   00000001 00000000 00000050 1a4ce9a8
0x1a4ce96c:   6b6c3734 1b639130 fffffffe 00000000
0x1a4ce97c:   00000000 1be30028 1b6492b0 1f265710
0x1a4ce98c:   1b649230 1b639130 00000001 00000001
0x1a4ce99c:   00000001 00000000 00000000 1a4ce9f8
0x1a4ce9ac:   6b6e0bcf 1b639130 1f265710 1a4ce9e8 

Instructions: (pc=0x1aa9cc40)
0x1aa9cc30:   
[error occurred during error reporting (printing registers, top of stack, instructions near pc), id 0xc0000005]

Stack: [0x1a480000,0x1a4d0000],  sp=0x1a4ce93c,  free space=314k
Native frames: (J=compiled Java code, j=interpreted, Vv=VM code, C=native code)
C  0x1aa9cc40
C  [libgstreamer-0.10-0.dll+0x20bcf]
C  [libgstreamer-0.10-0.dll+0xcf84]
C  [libgstreamer-0.10-0.dll+0x4690a]
C  [libgstreamer-0.10-0.dll+0xb83a]
C  [libgstreamer-0.10-0.dll+0x10b17]
C  [libgstreamer-0.10-0.dll+0x20bcf]
C  [libgstreamer-0.10-0.dll+0x22116]
C  [libgstreamer-0.10-0.dll+0x22acd]
C  [libgstreamer-0.10-0.dll+0x227ea]
C  [libgstreamer-0.10-0.dll+0x22442]
C  [libgstreamer-0.10-0.dll+0x98e8]
C  [libgstreamer-0.10-0.dll+0xac65]
C  [libgstreamer-0.10-0.dll+0x46564]
C  [libgstreamer-0.10-0.dll+0x22913]
C  [libgstreamer-0.10-0.dll+0x21f7c]
C  [libgstreamer-0.10-0.dll+0x22acd]
C  [libgstreamer-0.10-0.dll+0x21f7c]
C  [libgstreamer-0.10-0.dll+0x22b2d]
C  [libgstreamer-0.10-0.dll+0x227ea]
C  [libgstreamer-0.10-0.dll+0x22442]
C  0x1aa9cb77
C  0x1aa9c7c2
C  0x1aa94561
C  0x1aa94d2e
j  com.sun.jna.Function.invokeInt(I[Ljava/lang/Object;)I+0
j  com.sun.jna.Function.invoke([Ljava/lang/Object;Ljava/lang/Class;Z)Ljava/lang/Object;+315
j  com.sun.jna.Function.invoke(Ljava/lang/Class;[Ljava/lang/Object;Ljava/util/Map;)Ljava/lang/Object;+214
j  com.sun.jna.Library$Handler.invoke(Ljava/lang/Object;Ljava/lang/reflect/Method;[Ljava/lang/Object;)Ljava/lang/Object;+341
j  org.gstreamer.lowlevel.GNative$Handler.invoke(Ljava/lang/Object;Ljava/lang/reflect/Method;[Ljava/lang/Object;)Ljava/lang/Object;+240
j  $Proxy13.gst_element_set_state(Lorg/gstreamer/Element;Lorg/gstreamer/State;)Lorg/gstreamer/StateChangeReturn;+20
j  org.gstreamer.Element.setState(Lorg/gstreamer/State;)Lorg/gstreamer/StateChangeReturn;+5
j  org.gstreamer.Element.stop()Lorg/gstreamer/StateChangeReturn;+4
j  codeanticode.gsvideo.GSCapture.delete()V+21
j  codeanticode.gsvideo.GSCapture.dispose()V+1
v  ~StubRoutines::call_stub
V  [jvm.dll+0xf0ab9]
V  [jvm.dll+0x1837d1]
V  [jvm.dll+0xf0b3d]
V  [jvm.dll+0x19ebe3]
V  [jvm.dll+0x19f526]
V  [jvm.dll+0x11cd49]
C  [java.dll+0x7136]
j  sun.reflect.NativeMethodAccessorImpl.invoke(Ljava/lang/Object;[Ljava/lang/Object;)Ljava/lang/Object;+87
j  sun.reflect.DelegatingMethodAccessorImpl.invoke(Ljava/lang/Object;[Ljava/lang/Object;)Ljava/lang/Object;+6
j  java.lang.reflect.Method.invoke(Ljava/lang/Object;[Ljava/lang/Object;)Ljava/lang/Object;+161
j  processing.core.PApplet$RegisteredMethods.handle([Ljava/lang/Object;)V+23
j  processing.core.PApplet$RegisteredMethods.handle()V+5
j  processing.core.PApplet.dispose()V+36
j  processing.core.PApplet.die(Ljava/lang/String;)V+1
j  jp.nyatla.nyar4psg.MultiMarker.<init>(Lprocessing/core/PApplet;IILjava/lang/String;)V+56
j  _2d.setup()V+67
j  processing.core.PApplet.handleDraw()V+65
j  processing.core.PApplet.run()V+72
j  java.lang.Thread.run()V+11
v  ~StubRoutines::call_stub
V  [jvm.dll+0xf0ab9]
V  [jvm.dll+0x1837d1]
V  [jvm.dll+0xf0c61]
V  [jvm.dll+0xf0cbb]
V  [jvm.dll+0x11b4b9]
V  [jvm.dll+0x1e4624]
V  [jvm.dll+0x18317c]
C  [msvcr71.dll+0x9565]
C  [KERNEL32.DLL+0x1495d]
C  [ntdll.dll+0x498ee]
C  [ntdll.dll+0x498c4]

Java frames: (J=compiled Java code, j=interpreted, Vv=VM code)
j  com.sun.jna.Function.invokeInt(I[Ljava/lang/Object;)I+0
j  com.sun.jna.Function.invoke([Ljava/lang/Object;Ljava/lang/Class;Z)Ljava/lang/Object;+315
j  com.sun.jna.Function.invoke(Ljava/lang/Class;[Ljava/lang/Object;Ljava/util/Map;)Ljava/lang/Object;+214
j  com.sun.jna.Library$Handler.invoke(Ljava/lang/Object;Ljava/lang/reflect/Method;[Ljava/lang/Object;)Ljava/lang/Object;+341
j  org.gstreamer.lowlevel.GNative$Handler.invoke(Ljava/lang/Object;Ljava/lang/reflect/Method;[Ljava/lang/Object;)Ljava/lang/Object;+240
j  $Proxy13.gst_element_set_state(Lorg/gstreamer/Element;Lorg/gstreamer/State;)Lorg/gstreamer/StateChangeReturn;+20
j  org.gstreamer.Element.setState(Lorg/gstreamer/State;)Lorg/gstreamer/StateChangeReturn;+5
j  org.gstreamer.Element.stop()Lorg/gstreamer/StateChangeReturn;+4
j  codeanticode.gsvideo.GSCapture.delete()V+21
j  codeanticode.gsvideo.GSCapture.dispose()V+1
v  ~StubRoutines::call_stub
j  sun.reflect.NativeMethodAccessorImpl.invoke0(Ljava/lang/reflect/Method;Ljava/lang/Object;[Ljava/lang/Object;)Ljava/lang/Object;+0
j  sun.reflect.NativeMethodAccessorImpl.invoke(Ljava/lang/Object;[Ljava/lang/Object;)Ljava/lang/Object;+87
j  sun.reflect.DelegatingMethodAccessorImpl.invoke(Ljava/lang/Object;[Ljava/lang/Object;)Ljava/lang/Object;+6
j  java.lang.reflect.Method.invoke(Ljava/lang/Object;[Ljava/lang/Object;)Ljava/lang/Object;+161
j  processing.core.PApplet$RegisteredMethods.handle([Ljava/lang/Object;)V+23
j  processing.core.PApplet$RegisteredMethods.handle()V+5
j  processing.core.PApplet.dispose()V+36
j  processing.core.PApplet.die(Ljava/lang/String;)V+1
j  jp.nyatla.nyar4psg.MultiMarker.<init>(Lprocessing/core/PApplet;IILjava/lang/String;)V+56
j  _2d.setup()V+67
j  processing.core.PApplet.handleDraw()V+65
j  processing.core.PApplet.run()V+72
j  java.lang.Thread.run()V+11
v  ~StubRoutines::call_stub

---------------  P R O C E S S  ---------------

Java Threads: ( => current thread )
  0x1a772000 JavaThread "gstreamer service thread 1" daemon [_thread_blocked, id=2100, stack(0x1fb10000,0x1fb60000)]
  0x021ea400 JavaThread "DestroyJavaVM" [_thread_blocked, id=3204, stack(0x00330000,0x00380000)]
=>0x18918400 JavaThread "Animation Thread" [_thread_in_native, id=3912, stack(0x1a480000,0x1a4d0000)]
  0x18846400 JavaThread "Image Fetcher 0" daemon [_thread_blocked, id=712, stack(0x1a3f0000,0x1a440000)]
  0x18875400 JavaThread "AWT-EventQueue-0" [_thread_blocked, id=3520, stack(0x19a90000,0x19ae0000)]
  0x18838800 JavaThread "AWT-Shutdown" [_thread_blocked, id=3920, stack(0x18f70000,0x18fc0000)]
  0x188da400 JavaThread "Java2D Disposer" daemon [_thread_blocked, id=3940, stack(0x18ee0000,0x18f30000)]
  0x01c17000 JavaThread "Low Memory Detector" daemon [_thread_blocked, id=3384, stack(0x186b0000,0x18700000)]
  0x01c0c800 JavaThread "CompilerThread0" daemon [_thread_blocked, id=1932, stack(0x18620000,0x18670000)]
  0x01bfe000 JavaThread "JDWP Command Reader" daemon [_thread_in_native, id=2656, stack(0x18590000,0x185e0000)]
  0x01bf7c00 JavaThread "JDWP Event Helper Thread" daemon [_thread_blocked, id=964, stack(0x18500000,0x18550000)]
  0x01bf4400 JavaThread "JDWP Transport Listener: dt_shmem" daemon [_thread_blocked, id=3900, stack(0x18470000,0x184c0000)]
  0x01bebc00 JavaThread "Attach Listener" daemon [_thread_blocked, id=2816, stack(0x183e0000,0x18430000)]
  0x01be9c00 JavaThread "Signal Dispatcher" daemon [_thread_blocked, id=1672, stack(0x18350000,0x183a0000)]
  0x01bcc000 JavaThread "Finalizer" daemon [_thread_blocked, id=3516, stack(0x182c0000,0x18310000)]
  0x01bca800 JavaThread "Reference Handler" daemon [_thread_blocked, id=3712, stack(0x18230000,0x18280000)]

Other Threads:
  0x01bc7000 VMThread [stack: 0x02160000,0x021b0000] [id=168]
  0x01c2b800 WatcherThread [stack: 0x18740000,0x18790000] [id=144]

VM state:not at safepoint (normal execution)

VM Mutex/Monitor currently owned by a thread: None

Heap
 def new generation   total 4928K, used 3376K [0x041f0000, 0x04740000, 0x09740000)
  eden space 4416K,  64% used [0x041f0000, 0x044bc1b8, 0x04640000)
  from space 512K,  99% used [0x04640000, 0x046bfff0, 0x046c0000)
  to   space 512K,   0% used [0x046c0000, 0x046c0000, 0x04740000)
 tenured generation   total 10944K, used 5882K [0x09740000, 0x0a1f0000, 0x141f0000)
   the space 10944K,  53% used [0x09740000, 0x09cfeb88, 0x09cfec00, 0x0a1f0000)
 compacting perm gen  total 12288K, used 9065K [0x141f0000, 0x14df0000, 0x181f0000)
   the space 12288K,  73% used [0x141f0000, 0x14aca508, 0x14aca600, 0x14df0000)
No shared spaces configured.

Dynamic libraries:
0x00400000 - 0x00424000 	C:\Users\2j\Desktop\AR-CD\AR-CD\processing-1.5.1\java\bin\java.exe
0x77880000 - 0x779e8000 	C:\Windows\SYSTEM32\ntdll.dll
0x758f0000 - 0x75a30000 	C:\Windows\SYSTEM32\KERNEL32.DLL
0x754f0000 - 0x755bf000 	C:\Windows\SYSTEM32\KERNELBASE.dll
0x74ee0000 - 0x74f7a000 	C:\Windows\system32\apphelp.dll
0x74ae0000 - 0x74d32000 	C:\Windows\AppPatch\AcGenral.DLL
0x776f0000 - 0x777ae000 	C:\Windows\SYSTEM32\msvcrt.dll
0x75b50000 - 0x75b8e000 	C:\Windows\SYSTEM32\sechost.dll
0x752b0000 - 0x752cd000 	C:\Windows\SYSTEM32\SspiCli.dll
0x75390000 - 0x753d1000 	C:\Windows\SYSTEM32\SHLWAPI.dll
0x750c0000 - 0x7519c000 	C:\Windows\SYSTEM32\UxTheme.dll
0x775a0000 - 0x776f0000 	C:\Windows\SYSTEM32\USER32.dll
0x75a40000 - 0x75b48000 	C:\Windows\SYSTEM32\GDI32.dll
0x74fc0000 - 0x74fe0000 	C:\Windows\SYSTEM32\WINMM.dll
0x750a0000 - 0x750b2000 	C:\Windows\SYSTEM32\samcli.dll
0x773f0000 - 0x774fb000 	C:\Windows\SYSTEM32\ole32.dll
0x753e0000 - 0x75467000 	C:\Windows\SYSTEM32\OLEAUT32.dll
0x75080000 - 0x75095000 	C:\Windows\SYSTEM32\MSACM32.dll
0x75070000 - 0x75078000 	C:\Windows\SYSTEM32\VERSION.dll
0x75b90000 - 0x76d33000 	C:\Windows\SYSTEM32\SHELL32.dll
0x75050000 - 0x75069000 	C:\Windows\SYSTEM32\USERENV.dll
0x74e90000 - 0x74ea9000 	C:\Windows\SYSTEM32\dwmapi.dll
0x749b0000 - 0x74ad1000 	C:\Windows\SYSTEM32\urlmon.dll
0x75470000 - 0x754e7000 	C:\Windows\SYSTEM32\ADVAPI32.dll
0x74950000 - 0x749ae000 	C:\Windows\SYSTEM32\WINSPOOL.DRV
0x75030000 - 0x75044000 	C:\Windows\SYSTEM32\MPR.dll
0x752d0000 - 0x75381000 	C:\Windows\SYSTEM32\RPCRT4.dll
0x752a0000 - 0x752a9000 	C:\Windows\SYSTEM32\CRYPTBASE.dll
0x76e90000 - 0x76fde000 	C:\Windows\SYSTEM32\combase.dll
0x74fa0000 - 0x74fc0000 	C:\Windows\SYSTEM32\WINMMBASE.dll
0x74ed0000 - 0x74ede000 	C:\Windows\SYSTEM32\profapi.dll
0x742c0000 - 0x744d5000 	C:\Windows\SYSTEM32\iertutil.dll
0x740f0000 - 0x742b4000 	C:\Windows\SYSTEM32\WININET.dll
0x75240000 - 0x75291000 	C:\Windows\SYSTEM32\bcryptPrimitives.dll
0x77060000 - 0x7709a000 	C:\Windows\SYSTEM32\cfgmgr32.dll
0x74f80000 - 0x74f9f000 	C:\Windows\SYSTEM32\DEVOBJ.dll
0x748d0000 - 0x74947000 	C:\Windows\SYSTEM32\SHCORE.DLL
0x773c0000 - 0x773e5000 	C:\Windows\system32\IMM32.DLL
0x770a0000 - 0x77197000 	C:\Windows\SYSTEM32\MSCTF.dll
0x7c340000 - 0x7c396000 	C:\Users\2j\Desktop\AR-CD\AR-CD\processing-1.5.1\java\bin\msvcr71.dll
0x6d8a0000 - 0x6db46000 	C:\Users\2j\Desktop\AR-CD\AR-CD\processing-1.5.1\java\bin\client\jvm.dll
0x6d850000 - 0x6d85c000 	C:\Users\2j\Desktop\AR-CD\AR-CD\processing-1.5.1\java\bin\verify.dll
0x6d3d0000 - 0x6d3ef000 	C:\Users\2j\Desktop\AR-CD\AR-CD\processing-1.5.1\java\bin\java.dll
0x6d330000 - 0x6d338000 	C:\Users\2j\Desktop\AR-CD\AR-CD\processing-1.5.1\java\bin\hpi.dll
0x76fe0000 - 0x76fe6000 	C:\Windows\SYSTEM32\PSAPI.DLL
0x6d420000 - 0x6d449000 	C:\Users\2j\Desktop\AR-CD\AR-CD\processing-1.5.1\java\bin\jdwp.dll
0x6d740000 - 0x6d746000 	C:\Users\2j\Desktop\AR-CD\AR-CD\processing-1.5.1\java\bin\npt.dll
0x6d890000 - 0x6d89f000 	C:\Users\2j\Desktop\AR-CD\AR-CD\processing-1.5.1\java\bin\zip.dll
0x6d2a0000 - 0x6d2a8000 	C:\Users\2j\Desktop\AR-CD\AR-CD\processing-1.5.1\java\bin\dt_shmem.dll
0x6d0b0000 - 0x6d1fa000 	C:\Users\2j\Desktop\AR-CD\AR-CD\processing-1.5.1\java\bin\awt.dll
0x746e0000 - 0x748c5000 	C:\Windows\WinSxS\x86_microsoft.windows.common-controls_6595b64144ccf1df_6.0.9600.16384_none_a9f4965301334e09\COMCTL32.dll
0x751a0000 - 0x751a9000 	C:\Windows\SYSTEM32\kernel.appcore.dll
0x6d2e0000 - 0x6d32f000 	C:\Users\2j\Desktop\AR-CD\AR-CD\processing-1.5.1\java\bin\fontmanager.dll
0x746c0000 - 0x746d8000 	C:\Windows\SYSTEM32\CRYPTSP.dll
0x74690000 - 0x746bf000 	C:\Windows\system32\rsaenh.dll
0x74670000 - 0x7468d000 	C:\Windows\SYSTEM32\bcrypt.dll
0x6d6b0000 - 0x6d6c3000 	C:\Users\2j\Desktop\AR-CD\AR-CD\processing-1.5.1\java\bin\net.dll
0x75650000 - 0x7569d000 	C:\Windows\SYSTEM32\WS2_32.dll
0x76ff0000 - 0x76ff7000 	C:\Windows\SYSTEM32\NSI.dll
0x74fe0000 - 0x75025000 	C:\Windows\system32\mswsock.dll
0x74e80000 - 0x74e90000 	C:\Windows\system32\napinsp.dll
0x74e60000 - 0x74e74000 	C:\Windows\system32\pnrpnsp.dll
0x74e40000 - 0x74e52000 	C:\Windows\system32\NLAapi.dll
0x74dc0000 - 0x74e3c000 	C:\Windows\SYSTEM32\DNSAPI.dll
0x74db0000 - 0x74db9000 	C:\Windows\System32\winrnr.dll
0x74da0000 - 0x74daf000 	C:\Windows\system32\wshbth.dll
0x74d40000 - 0x74d47000 	C:\Windows\System32\rasadhlp.dll
0x74650000 - 0x7466e000 	C:\Windows\SYSTEM32\IPHLPAPI.DLL
0x74ec0000 - 0x74ec8000 	C:\Windows\SYSTEM32\WINNSI.DLL
0x74d50000 - 0x74d94000 	C:\Windows\System32\fwpuclnt.dll
0x6d580000 - 0x6d692000 	C:\Users\2j\Documents\Processing\libraries\GSVideo\library\gstreamer\windows32\libgio-2.0-0.dll
0x685c0000 - 0x68707000 	C:\Users\2j\Documents\Processing\libraries\GSVideo\library\gstreamer\windows32\libglib-2.0-0.dll
0x6dd00000 - 0x6dd1e000 	C:\Users\2j\Documents\Processing\libraries\GSVideo\library\gstreamer\windows32\libgmodule-2.0-0.dll
0x63a40000 - 0x63a95000 	C:\Users\2j\Documents\Processing\libraries\GSVideo\library\gstreamer\windows32\libgobject-2.0-0.dll
0x61cc0000 - 0x61cf6000 	C:\Users\2j\Documents\Processing\libraries\GSVideo\library\gstreamer\windows32\libintl-8.dll
0x62e80000 - 0x62e9e000 	C:\Users\2j\Documents\Processing\libraries\GSVideo\library\gstreamer\windows32\zlib1.dll
0x65c40000 - 0x65c5f000 	C:\Users\2j\Documents\Processing\libraries\GSVideo\library\gstreamer\windows32\libgthread-2.0-0.dll
0x66000000 - 0x66104000 	C:\Users\2j\Documents\Processing\libraries\GSVideo\library\gstreamer\windows32\libiconv-2.dll
0x1aaf0000 - 0x1ab29000 	C:\Users\2j\Documents\Processing\libraries\GSVideo\library\gstreamer\windows32\libgstapp-0.10-0.dll
0x6cac0000 - 0x6cb94000 	C:\Users\2j\Documents\Processing\libraries\GSVideo\library\gstreamer\windows32\libgstbase-0.10-0.dll
0x6b6c0000 - 0x6b8d2000 	C:\Users\2j\Documents\Processing\libraries\GSVideo\library\gstreamer\windows32\libgstreamer-0.10-0.dll
0x70f40000 - 0x710b9000 	C:\Users\2j\Documents\Processing\libraries\GSVideo\library\gstreamer\windows32\libxml2-2.dll
0x70680000 - 0x706fd000 	C:\Users\2j\Documents\Processing\libraries\GSVideo\library\gstreamer\windows32\libgstaudio-0.10-0.dll
0x64240000 - 0x64287000 	C:\Users\2j\Documents\Processing\libraries\GSVideo\library\gstreamer\windows32\libgstinterfaces-0.10-0.dll
0x6f540000 - 0x6f581000 	C:\Users\2j\Documents\Processing\libraries\GSVideo\library\gstreamer\windows32\libgstbasevideo-0.10-0.dll
0x62ac0000 - 0x62afd000 	C:\Users\2j\Documents\Processing\libraries\GSVideo\library\gstreamer\windows32\libgstvideo-0.10-0.dll
0x1b230000 - 0x1b25e000 	C:\Users\2j\Documents\Processing\libraries\GSVideo\library\gstreamer\windows32\libgstcdda-0.10-0.dll
0x637c0000 - 0x63828000 	C:\Users\2j\Documents\Processing\libraries\GSVideo\library\gstreamer\windows32\libgsttag-0.10-0.dll
0x625c0000 - 0x62625000 	C:\Users\2j\Documents\Processing\libraries\GSVideo\library\gstreamer\windows32\libgstcontroller-0.10-0.dll
0x1b260000 - 0x1b281000 	C:\Users\2j\Documents\Processing\libraries\GSVideo\library\gstreamer\windows32\libgstdataprotocol-0.10-0.dll
0x1b290000 - 0x1b2c1000 	C:\Users\2j\Documents\Processing\libraries\GSVideo\library\gstreamer\windows32\libgstfft-0.10-0.dll
0x1b2d0000 - 0x1b2fa000 	C:\Users\2j\Documents\Processing\libraries\GSVideo\library\gstreamer\windows32\libgstnet-0.10-0.dll
0x6a200000 - 0x6a21d000 	C:\Users\2j\Documents\Processing\libraries\GSVideo\library\gstreamer\windows32\libgstnetbuffer-0.10-0.dll
0x69f00000 - 0x69f57000 	C:\Users\2j\Documents\Processing\libraries\GSVideo\library\gstreamer\windows32\libgstpbutils-0.10-0.dll
0x70ac0000 - 0x70ae2000 	C:\Users\2j\Documents\Processing\libraries\GSVideo\library\gstreamer\windows32\libgstphotography-0.10-0.dll
0x70140000 - 0x7016d000 	C:\Users\2j\Documents\Processing\libraries\GSVideo\library\gstreamer\windows32\libgstriff-0.10-0.dll
0x1b300000 - 0x1b352000 	C:\Users\2j\Documents\Processing\libraries\GSVideo\library\gstreamer\windows32\libgstrtp-0.10-0.dll
0x69740000 - 0x69786000 	C:\Users\2j\Documents\Processing\libraries\GSVideo\library\gstreamer\windows32\libgstrtsp-0.10-0.dll
0x628c0000 - 0x628e7000 	C:\Users\2j\Documents\Processing\libraries\GSVideo\library\gstreamer\windows32\libgstsdp-0.10-0.dll
0x64a40000 - 0x64a67000 	C:\Users\2j\Documents\Processing\libraries\GSVideo\library\gstreamer\windows32\libgstsignalprocessor-0.10-0.dll
0x1b360000 - 0x1b3b5000 	C:\Users\2j\Documents\Processing\libraries\GSVideo\library\gstreamer\windows32\libjpeg-8.dll
0x6eb80000 - 0x6ec13000 	C:\Users\2j\Documents\Processing\libraries\GSVideo\library\gstreamer\windows32\libmp3lame-0.dll
0x1b3c0000 - 0x1b3df000 	C:\Users\2j\Documents\Processing\libraries\GSVideo\library\gstreamer\windows32\libogg-0.dll
0x65680000 - 0x6572e000 	C:\Users\2j\Documents\Processing\libraries\GSVideo\library\gstreamer\windows32\liborc-0.4-0.dll
0x69d80000 - 0x69da1000 	C:\Users\2j\Documents\Processing\libraries\GSVideo\library\gstreamer\windows32\liborc-test-0.4-0.dll
0x61a00000 - 0x61a55000 	C:\Users\2j\Documents\Processing\libraries\GSVideo\library\gstreamer\windows32\libpng14-14.dll
0x1b3e0000 - 0x1b446000 	C:\Users\2j\Documents\Processing\libraries\GSVideo\library\gstreamer\windows32\libtheora-0.dll
0x65b40000 - 0x65b71000 	C:\Users\2j\Documents\Processing\libraries\GSVideo\library\gstreamer\windows32\libtheoradec-1.dll
0x63100000 - 0x63158000 	C:\Users\2j\Documents\Processing\libraries\GSVideo\library\gstreamer\windows32\libtheoraenc-1.dll
0x1b450000 - 0x1b494000 	C:\Users\2j\Documents\Processing\libraries\GSVideo\library\gstreamer\windows32\libvorbis-0.dll
0x1b4a0000 - 0x1b62d000 	C:\Users\2j\Documents\Processing\libraries\GSVideo\library\gstreamer\windows32\libvorbisenc-2.dll
0x6b3c0000 - 0x6b3e2000 	C:\Users\2j\Documents\Processing\libraries\GSVideo\library\gstreamer\windows32\libvorbisfile-3.dll
0x69180000 - 0x691c9000 	C:\Users\2j\Documents\Processing\libraries\GSVideo\library\gstreamer\windows32\libwavpack-1.dll
0x67b80000 - 0x67bae000 	C:\Users\2j\Documents\Processing\libraries\GSVideo\library\gstreamer\windows32\plugins\libgstadder.dll
0x71100000 - 0x71123000 	C:\Users\2j\Documents\Processing\libraries\GSVideo\library\gstreamer\windows32\plugins\libgstadpcmdec.dll
0x6a1c0000 - 0x6a1e3000 	C:\Users\2j\Documents\Processing\libraries\GSVideo\library\gstreamer\windows32\plugins\libgstadpcmenc.dll
0x70c00000 - 0x70c37000 	C:\Users\2j\Documents\Processing\libraries\GSVideo\library\gstreamer\windows32\plugins\libgstaiff.dll
0x61940000 - 0x6196b000 	C:\Users\2j\Documents\Processing\libraries\GSVideo\library\gstreamer\windows32\plugins\libgstalaw.dll
0x70480000 - 0x704b5000 	C:\Users\2j\Documents\Processing\libraries\GSVideo\library\gstreamer\windows32\plugins\libgstalpha.dll
0x6c200000 - 0x6c225000 	C:\Users\2j\Documents\Processing\libraries\GSVideo\library\gstreamer\windows32\plugins\libgstalphacolor.dll
0x682c0000 - 0x6830e000 	C:\Users\2j\Documents\Processing\libraries\GSVideo\library\gstreamer\windows32\plugins\libgstannodex.dll
0x64ec0000 - 0x64ee3000 	C:\Users\2j\Documents\Processing\libraries\GSVideo\library\gstreamer\windows32\plugins\libgstapetag.dll
0x6ab80000 - 0x6ab9d000 	C:\Users\2j\Documents\Processing\libraries\GSVideo\library\gstreamer\windows32\plugins\libgstapp.dll
0x70240000 - 0x7029f000 	C:\Users\2j\Documents\Processing\libraries\GSVideo\library\gstreamer\windows32\plugins\libgstasf.dll
0x1b940000 - 0x1b98f000 	C:\Users\2j\Documents\Processing\libraries\GSVideo\library\gstreamer\windows32\plugins\libgstasfmux.dll
0x6c140000 - 0x6c192000 	C:\Users\2j\Documents\Processing\libraries\GSVideo\library\gstreamer\windows32\plugins\libgstaudioconvert.dll
0x69e40000 - 0x69eeb000 	C:\Users\2j\Documents\Processing\libraries\GSVideo\library\gstreamer\windows32\plugins\libgstaudiofx.dll
0x67440000 - 0x6749c000 	C:\Users\2j\Documents\Processing\libraries\GSVideo\library\gstreamer\windows32\plugins\libgstaudioparsers.dll

VM Arguments:
jvm_args: -Xrunjdwp:transport=dt_shmem,address=127.0.0.1:8493,suspend=y -Djava.library.path=;C:\Users\2j\Desktop\AR-CD\AR-CD\processing-1.5.1\modes\java\libraries\video\library;C:\Users\2j\Desktop\AR-CD\AR-CD\processing-1.5.1\modes\java\libraries\opengl\library\windows32;C:\Users\2j\Documents\Processing\libraries\GSVideo\library;C:\Users\2j\Documents\Processing\libraries\NyARToolkit\library;C:\Users\2j\Documents\Processing\libraries\OBJLoader\library;C:\Users\2j\Desktop\AR-CD\AR-CD\processing-1.5.1\java\bin;.;C:\Windows\system32;C:\Windows;C:\Program Files (x86)\Parallels\Parallels Tools\Applications;C:\Windows\system32;C:\Windows;C:\Windows\System32\Wbem;C:\Windows\System32\WindowsPowerShell\v1.0;C:\Program Files (x86)\QuickTime\QTSystem;C:\Users\2j\Desktop\AR-CD\AR-CD\processing-1.5.1\java\bin -ea 
java_command: processing.core.PApplet --location=32,128 --external --display=1 --sketch-path=C:\Users\2j\Documents\Processing\_2d _2d
Launcher Type: SUN_STANDARD

Environment Variables:
CLASSPATH=.;C:\Program Files (x86)\QuickTime\QTSystem\QTJava.zip
PATH=C:\Program Files (x86)\Parallels\Parallels Tools\Applications;C:\Windows\system32;C:\Windows;C:\Windows\System32\Wbem;C:\Windows\System32\WindowsPowerShell\v1.0\;C:\Program Files (x86)\QuickTime\QTSystem\;C:\Users\2j\Desktop\AR-CD\AR-CD\processing-1.5.1\java\bin
USERNAME=2j
OS=Windows_NT
PROCESSOR_IDENTIFIER=Intel64 Family 6 Model 23 Stepping 10, GenuineIntel



---------------  S Y S T E M  ---------------

OS: Windows NT 6.2 Build 9200 

CPU:total 1 (1 cores per cpu, 1 threads per core) family 6 model 23 stepping 10, cmov, cx8, fxsr, mmx, sse, sse2, sse3, ssse3, sse4.1

Memory: 4k page, physical 2235956k(1232272k free), swap 2891316k(1451532k free)

vm_info: Java HotSpot(TM) Client VM (19.1-b02) for windows-x86 JRE (1.6.0_24-b07), built on Feb  2 2011 17:44:41 by "java_re" with MS VC++ 7.1 (VS2003)

time: Sun Jan 04 14:36:34 2015
elapsed time: 4 seconds

