#
# A fatal error has been detected by the Java Runtime Environment:
#
#  EXCEPTION_ACCESS_VIOLATION (0xc0000005) at pc=0x6d99aaf2, pid=7412, tid=5600
#
# JRE version: 6.0_24-b07
# Java VM: Java HotSpot(TM) Client VM (19.1-b02 mixed mode windows-x86 )
# Problematic frame:
# V  [jvm.dll+0xfaaf2]
#
# If you would like to submit a bug report, please visit:
#   http://java.sun.com/webapps/bugreport/crash.jsp
#

---------------  T H R E A D  ---------------

Current thread (0x0234cc00):  JavaThread "Finalizer" daemon [_thread_in_vm, id=5600, stack(0x186f0000,0x18740000)]

siginfo: ExceptionCode=0xc0000005, reading address 0x00000000

Registers:
EAX=0x00000000, EBX=0x18da9801, ECX=0x00000006, EDX=0x00000000
ESP=0x1873efec, EBP=0x1873eff8, ESI=0x18da9800, EDI=0x0234cc00
EIP=0x6d99aaf2, EFLAGS=0x00010206

Register to memory mapping:

EAX=0x00000000
0x00000000 is pointing to unknown location

EBX=0x18da9801
0x18da9801 is pointing to unknown location

ECX=0x00000006
0x00000006 is pointing to unknown location

EDX=0x00000000
0x00000000 is pointing to unknown location

ESP=0x1873efec
0x1873efec is pointing into the stack for thread: 0x0234cc00
"Finalizer" daemon prio=8 tid=0x0234cc00 nid=0x15e0 runnable [0x1873f000]
   java.lang.Thread.State: RUNNABLE

EBP=0x1873eff8
0x1873eff8 is pointing into the stack for thread: 0x0234cc00
"Finalizer" daemon prio=8 tid=0x0234cc00 nid=0x15e0 runnable [0x1873f000]
   java.lang.Thread.State: RUNNABLE

ESI=0x18da9800
0x18da9800 is pointing to unknown location

EDI=0x0234cc00
"Finalizer" daemon prio=8 tid=0x0234cc00 nid=0x15e0 runnable [0x1873f000]
   java.lang.Thread.State: RUNNABLE


Top of Stack: (sp=0x1873efec)
0x1873efec:   1873f080 00000000 18da9800 1873f268
0x1873effc:   1ad542a8 0234cd18 18da9800 00000000
0x1873f00c:   1873f020 1873f040 1873f044 00000020
0x1873f01c:   1ad54220 00000001 0234cc00 1873f2a0
0x1873f02c:   1873f020 0234cc00 1873f848 00000020
0x1873f03c:   1ad5420c ffffffff 1873f054 6d8a10e0
0x1873f04c:   0234cc00 0234cc00 1873f078 1873f848
0x1873f05c:   1ad541ee 00000006 00000004 0234cc00 

Instructions: (pc=0x6d99aaf2)
0x6d99aae2:   ff 8b 75 0c 83 c4 08 85 f6 b3 01 74 3e 8b 45 10
0x6d99aaf2:   8b 00 50 32 db e8 54 74 ff ff 83 c4 04 85 c0 74 


Stack: [0x186f0000,0x18740000],  sp=0x1873efec,  free space=315k
Native frames: (J=compiled Java code, j=interpreted, Vv=VM code, C=native code)
V  [jvm.dll+0xfaaf2]
C  0x1ad542a8
C  0x1ad54cae
J  com.sun.jna.Function.invokeVoid(I[Ljava/lang/Object;)V
J  com.sun.jna.Function.invoke([Ljava/lang/Object;Ljava/lang/Class;Z)Ljava/lang/Object;
V  [jvm.dll+0xf0ab9]
V  [jvm.dll+0x1837d1]
V  [jvm.dll+0xf0b3d]
V  [jvm.dll+0xfa2e1]
V  [jvm.dll+0xfcfc4]
C  [java.dll+0x2100]
J  java.lang.ref.Finalizer.runFinalizer()V
V  [jvm.dll+0xf0ab9]
V  [jvm.dll+0x1837d1]
V  [jvm.dll+0xf0c61]
V  [jvm.dll+0xf0cbb]
V  [jvm.dll+0x11b4b9]
V  [jvm.dll+0x1e4624]
V  [jvm.dll+0x18317c]
C  [msvcr71.dll+0x9565]
C  [KERNEL32.DLL+0x138f4]
C  [ntdll.dll+0x65de3]
C  [ntdll.dll+0x65dae]

Java frames: (J=compiled Java code, j=interpreted, Vv=VM code)
J  com.sun.jna.Function.invokeVoid(I[Ljava/lang/Object;)V
J  com.sun.jna.Function.invoke([Ljava/lang/Object;Ljava/lang/Class;Z)Ljava/lang/Object;
J  com.sun.jna.Function.invoke(Ljava/lang/Class;[Ljava/lang/Object;Ljava/util/Map;)Ljava/lang/Object;
J  com.sun.jna.Library$Handler.invoke(Ljava/lang/Object;Ljava/lang/reflect/Method;[Ljava/lang/Object;)Ljava/lang/Object;
J  $Proxy12.gst_caps_unref(Lcom/sun/jna/Pointer;)V
J  org.gstreamer.Caps.disposeNativeHandle(Lcom/sun/jna/Pointer;)V
J  org.gstreamer.lowlevel.NativeObject.dispose()V
J  org.gstreamer.lowlevel.NativeObject.finalize()V
v  ~StubRoutines::call_stub
J  java.lang.ref.Finalizer.invokeFinalizeMethod(Ljava/lang/Object;)V
J  java.lang.ref.Finalizer.runFinalizer()V
J  java.lang.ref.Finalizer$FinalizerThread.run()V
v  ~StubRoutines::call_stub

---------------  P R O C E S S  ---------------

Java Threads: ( => current thread )
  0x19c02000 JavaThread "gstreamer service thread 1" daemon [_thread_blocked, id=5328, stack(0x1fbb0000,0x1fc00000)]
  0x0090b000 JavaThread "DestroyJavaVM" [_thread_blocked, id=3112, stack(0x02230000,0x02280000)]
  0x18db8400 JavaThread "Animation Thread" [_thread_blocked, id=6048, stack(0x19f60000,0x19fb0000)]
  0x18db0000 JavaThread "AWT-EventQueue-0" [_thread_in_native, id=6080, stack(0x19210000,0x19260000)]
  0x18d6fc00 JavaThread "AWT-Shutdown" [_thread_blocked, id=7252, stack(0x18fd0000,0x19020000)]
  0x18d6d400 JavaThread "Java2D Disposer" daemon [_thread_blocked, id=2636, stack(0x18f40000,0x18f90000)]
  0x02390800 JavaThread "Low Memory Detector" daemon [_thread_blocked, id=6204, stack(0x18b00000,0x18b50000)]
  0x0238f000 JavaThread "CompilerThread0" daemon [_thread_blocked, id=860, stack(0x18a70000,0x18ac0000)]
  0x02380000 JavaThread "JDWP Command Reader" daemon [_thread_in_native, id=7096, stack(0x189e0000,0x18a30000)]
  0x0237c400 JavaThread "JDWP Event Helper Thread" daemon [_thread_blocked, id=12008, stack(0x18950000,0x189a0000)]
  0x02379800 JavaThread "JDWP Transport Listener: dt_shmem" daemon [_thread_blocked, id=11788, stack(0x188c0000,0x18910000)]
  0x0236e400 JavaThread "Attach Listener" daemon [_thread_blocked, id=11964, stack(0x18810000,0x18860000)]
  0x0236c000 JavaThread "Signal Dispatcher" daemon [_thread_blocked, id=4708, stack(0x18780000,0x187d0000)]
=>0x0234cc00 JavaThread "Finalizer" daemon [_thread_in_vm, id=5600, stack(0x186f0000,0x18740000)]
  0x0234b800 JavaThread "Reference Handler" daemon [_thread_blocked, id=6980, stack(0x18660000,0x186b0000)]

Other Threads:
  0x02348000 VMThread [stack: 0x185d0000,0x18620000] [id=12204]
  0x02393800 WatcherThread [stack: 0x18b90000,0x18be0000] [id=8892]

VM state:not at safepoint (normal execution)

VM Mutex/Monitor currently owned by a thread: None

Heap
 def new generation   total 78656K, used 2357K [0x04450000, 0x099a0000, 0x099a0000)
  eden space 69952K,   1% used [0x04450000, 0x04569998, 0x088a0000)
  from space 8704K,  14% used [0x09120000, 0x09253c58, 0x099a0000)
  to   space 8704K,   0% used [0x088a0000, 0x088a0000, 0x09120000)
 tenured generation   total 174784K, used 116897K [0x099a0000, 0x14450000, 0x14450000)
   the space 174784K,  66% used [0x099a0000, 0x10bc8430, 0x10bc8600, 0x14450000)
 compacting perm gen  total 12288K, used 9504K [0x14450000, 0x15050000, 0x18450000)
   the space 12288K,  77% used [0x14450000, 0x14d983a8, 0x14d98400, 0x15050000)
No shared spaces configured.

Dynamic libraries:
0x00400000 - 0x00424000 	F:\AR\AR-CD\processing-1.5.1\java\bin\java.exe
0x77060000 - 0x771db000 	C:\Windows\SYSTEM32\ntdll.dll
0x766f0000 - 0x767d0000 	C:\Windows\SYSTEM32\KERNEL32.DLL
0x762a0000 - 0x7641e000 	C:\Windows\SYSTEM32\KERNELBASE.dll
0x6e180000 - 0x6e212000 	C:\Windows\system32\apphelp.dll
0x75e30000 - 0x75eab000 	C:\Windows\SYSTEM32\ADVAPI32.dll
0x75f70000 - 0x7602e000 	C:\Windows\SYSTEM32\msvcrt.dll
0x73e00000 - 0x73e44000 	C:\Windows\SYSTEM32\sechost.dll
0x75ec0000 - 0x75f6d000 	C:\Windows\SYSTEM32\RPCRT4.dll
0x73d90000 - 0x73dae000 	C:\Windows\SYSTEM32\SspiCli.dll
0x73d80000 - 0x73d8a000 	C:\Windows\SYSTEM32\CRYPTBASE.dll
0x76630000 - 0x76688000 	C:\Windows\SYSTEM32\bcryptPrimitives.dll
0x7c340000 - 0x7c396000 	F:\AR\AR-CD\processing-1.5.1\java\bin\msvcr71.dll
0x6d8a0000 - 0x6db46000 	F:\AR\AR-CD\processing-1.5.1\java\bin\client\jvm.dll
0x75770000 - 0x758b7000 	C:\Windows\SYSTEM32\USER32.dll
0x76f10000 - 0x7705f000 	C:\Windows\SYSTEM32\GDI32.dll
0x72f10000 - 0x72f34000 	C:\Windows\SYSTEM32\WINMM.dll
0x00710000 - 0x00733000 	C:\Windows\SYSTEM32\WINMMBASE.dll
0x76e10000 - 0x76e47000 	C:\Windows\SYSTEM32\cfgmgr32.dll
0x76130000 - 0x7615b000 	C:\Windows\SYSTEM32\IMM32.DLL
0x6d850000 - 0x6d85c000 	F:\AR\AR-CD\processing-1.5.1\java\bin\verify.dll
0x6d3d0000 - 0x6d3ef000 	F:\AR\AR-CD\processing-1.5.1\java\bin\java.dll
0x6d330000 - 0x6d338000 	F:\AR\AR-CD\processing-1.5.1\java\bin\hpi.dll
0x75a00000 - 0x75a06000 	C:\Windows\SYSTEM32\PSAPI.DLL
0x6d420000 - 0x6d449000 	F:\AR\AR-CD\processing-1.5.1\java\bin\jdwp.dll
0x6d740000 - 0x6d746000 	F:\AR\AR-CD\processing-1.5.1\java\bin\npt.dll
0x6d890000 - 0x6d89f000 	F:\AR\AR-CD\processing-1.5.1\java\bin\zip.dll
0x6d2a0000 - 0x6d2a8000 	F:\AR\AR-CD\processing-1.5.1\java\bin\dt_shmem.dll
0x6d0b0000 - 0x6d1fa000 	F:\AR\AR-CD\processing-1.5.1\java\bin\awt.dll
0x76160000 - 0x7624b000 	C:\Windows\SYSTEM32\ole32.dll
0x755b0000 - 0x7576d000 	C:\Windows\SYSTEM32\combase.dll
0x6fec0000 - 0x6ff27000 	C:\Windows\SYSTEM32\WINSPOOL.DRV
0x72ac0000 - 0x72adb000 	C:\Windows\SYSTEM32\bcrypt.dll
0x6dcf0000 - 0x6deff000 	C:\Windows\WinSxS\x86_microsoft.windows.common-controls_6595b64144ccf1df_6.0.10586.0_none_d3c2e4e965da4528\COMCTL32.dll
0x59240000 - 0x594a4000 	C:\Windows\AppPatch\AcGenral.DLL
0x76250000 - 0x76295000 	C:\Windows\SYSTEM32\SHLWAPI.dll
0x75950000 - 0x759e2000 	C:\Windows\SYSTEM32\OLEAUT32.dll
0x73ea0000 - 0x7529e000 	C:\Windows\SYSTEM32\SHELL32.dll
0x728d0000 - 0x728e5000 	C:\Windows\SYSTEM32\samcli.dll
0x700a0000 - 0x70115000 	C:\Windows\SYSTEM32\UxTheme.dll
0x767d0000 - 0x76cca000 	C:\Windows\SYSTEM32\windows.storage.dll
0x706e0000 - 0x706f8000 	C:\Windows\SYSTEM32\MSACM32.dll
0x72eb0000 - 0x72eb8000 	C:\Windows\SYSTEM32\VERSION.dll
0x75e20000 - 0x75e2c000 	C:\Windows\SYSTEM32\kernel.appcore.dll
0x76420000 - 0x764ad000 	C:\Windows\SYSTEM32\shcore.dll
0x73db0000 - 0x73df4000 	C:\Windows\SYSTEM32\powrprof.dll
0x75eb0000 - 0x75ebf000 	C:\Windows\SYSTEM32\profapi.dll
0x6f5e0000 - 0x6f5f9000 	C:\Windows\SYSTEM32\USERENV.dll
0x6f360000 - 0x6f37d000 	C:\Windows\SYSTEM32\dwmapi.dll
0x6fd40000 - 0x6febd000 	C:\Windows\SYSTEM32\urlmon.dll
0x6eab0000 - 0x6eac6000 	C:\Windows\SYSTEM32\MPR.dll
0x6f880000 - 0x6fb4b000 	C:\Windows\SYSTEM32\iertutil.dll
0x76cf0000 - 0x76e0f000 	C:\Windows\SYSTEM32\MSCTF.dll
0x6d340000 - 0x6d36f000 	C:\Program Files\Nahimic\NahimicMSI\UserInterface\NahimicMSIDevProps.dll
0x76690000 - 0x766ef000 	C:\Windows\SYSTEM32\WS2_32.dll
0x6d370000 - 0x6d3b3000 	C:\Program Files\Nahimic\NahimicMSI\UserInterface\NahimicMSIOSD.dll
0x758c0000 - 0x75944000 	C:\Windows\SYSTEM32\clbcatq.dll
0x70a00000 - 0x70a55000 	C:\Windows\System32\MMDevApi.dll
0x708b0000 - 0x709fb000 	C:\Windows\System32\PROPSYS.dll
0x71f60000 - 0x71f82000 	C:\Windows\System32\DEVOBJ.dll
0x707e0000 - 0x70848000 	C:\Windows\SYSTEM32\AUDIOSES.DLL
0x70710000 - 0x707d8000 	C:\Windows\SYSTEM32\wintypes.dll
0x6d2e0000 - 0x6d32f000 	F:\AR\AR-CD\processing-1.5.1\java\bin\fontmanager.dll
0x6d4f0000 - 0x6d515000 	F:\AR\AR-CD\processing-1.5.1\java\bin\jpeg.dll
0x72890000 - 0x728a3000 	C:\Windows\SYSTEM32\CRYPTSP.dll
0x72860000 - 0x7288f000 	C:\Windows\system32\rsaenh.dll
0x6d6b0000 - 0x6d6c3000 	F:\AR\AR-CD\processing-1.5.1\java\bin\net.dll
0x72990000 - 0x7299f000 	C:\Windows\system32\zdengine.dll
0x729d0000 - 0x72a1f000 	C:\Windows\SYSTEM32\MSWSOCK.dll
0x73bf0000 - 0x73c1f000 	C:\Windows\SYSTEM32\IPHLPAPI.DLL
0x764b0000 - 0x76628000 	C:\Windows\SYSTEM32\CRYPT32.dll
0x759f0000 - 0x759fe000 	C:\Windows\SYSTEM32\MSASN1.dll
0x70d10000 - 0x70d22000 	C:\Windows\system32\napinsp.dll
0x70ca0000 - 0x70cb6000 	C:\Windows\system32\pnrpnsp.dll
0x70b50000 - 0x70b64000 	C:\Windows\system32\NLAapi.dll
0x70a90000 - 0x70b14000 	C:\Windows\SYSTEM32\DNSAPI.dll
0x75410000 - 0x75417000 	C:\Windows\SYSTEM32\NSI.dll
0x70a80000 - 0x70a8b000 	C:\Windows\System32\winrnr.dll
0x70a60000 - 0x70a71000 	C:\Windows\System32\wshbth.dll
0x6f780000 - 0x6f788000 	C:\Windows\System32\rasadhlp.dll
0x6f730000 - 0x6f777000 	C:\Windows\System32\fwpuclnt.dll
0x6d580000 - 0x6d692000 	C:\Users\Sujay\Documents\Processing\libraries\GSVideo\library\gstreamer\windows32\libgio-2.0-0.dll
0x63a40000 - 0x63a95000 	C:\Users\Sujay\Documents\Processing\libraries\GSVideo\library\gstreamer\windows32\libgobject-2.0-0.dll
0x1abb0000 - 0x1abce000 	C:\Users\Sujay\Documents\Processing\libraries\GSVideo\library\gstreamer\windows32\libgmodule-2.0-0.dll
0x685c0000 - 0x68707000 	C:\Users\Sujay\Documents\Processing\libraries\GSVideo\library\gstreamer\windows32\libglib-2.0-0.dll
0x61cc0000 - 0x61cf6000 	C:\Users\Sujay\Documents\Processing\libraries\GSVideo\library\gstreamer\windows32\libintl-8.dll
0x65c40000 - 0x65c5f000 	C:\Users\Sujay\Documents\Processing\libraries\GSVideo\library\gstreamer\windows32\libgthread-2.0-0.dll
0x62e80000 - 0x62e9e000 	C:\Users\Sujay\Documents\Processing\libraries\GSVideo\library\gstreamer\windows32\zlib1.dll
0x66000000 - 0x66104000 	C:\Users\Sujay\Documents\Processing\libraries\GSVideo\library\gstreamer\windows32\libiconv-2.dll
0x1abd0000 - 0x1ac09000 	C:\Users\Sujay\Documents\Processing\libraries\GSVideo\library\gstreamer\windows32\libgstapp-0.10-0.dll
0x6cac0000 - 0x6cb94000 	C:\Users\Sujay\Documents\Processing\libraries\GSVideo\library\gstreamer\windows32\libgstbase-0.10-0.dll
0x6b6c0000 - 0x6b8d2000 	C:\Users\Sujay\Documents\Processing\libraries\GSVideo\library\gstreamer\windows32\libgstreamer-0.10-0.dll
0x70f40000 - 0x710b9000 	C:\Users\Sujay\Documents\Processing\libraries\GSVideo\library\gstreamer\windows32\libxml2-2.dll
0x1ae30000 - 0x1aead000 	C:\Users\Sujay\Documents\Processing\libraries\GSVideo\library\gstreamer\windows32\libgstaudio-0.10-0.dll
0x64240000 - 0x64287000 	C:\Users\Sujay\Documents\Processing\libraries\GSVideo\library\gstreamer\windows32\libgstinterfaces-0.10-0.dll
0x6f540000 - 0x6f581000 	C:\Users\Sujay\Documents\Processing\libraries\GSVideo\library\gstreamer\windows32\libgstbasevideo-0.10-0.dll
0x62ac0000 - 0x62afd000 	C:\Users\Sujay\Documents\Processing\libraries\GSVideo\library\gstreamer\windows32\libgstvideo-0.10-0.dll
0x1ac10000 - 0x1ac3e000 	C:\Users\Sujay\Documents\Processing\libraries\GSVideo\library\gstreamer\windows32\libgstcdda-0.10-0.dll
0x637c0000 - 0x63828000 	C:\Users\Sujay\Documents\Processing\libraries\GSVideo\library\gstreamer\windows32\libgsttag-0.10-0.dll
0x625c0000 - 0x62625000 	C:\Users\Sujay\Documents\Processing\libraries\GSVideo\library\gstreamer\windows32\libgstcontroller-0.10-0.dll
0x1aeb0000 - 0x1aed1000 	C:\Users\Sujay\Documents\Processing\libraries\GSVideo\library\gstreamer\windows32\libgstdataprotocol-0.10-0.dll
0x1aee0000 - 0x1af11000 	C:\Users\Sujay\Documents\Processing\libraries\GSVideo\library\gstreamer\windows32\libgstfft-0.10-0.dll
0x1b040000 - 0x1b06a000 	C:\Users\Sujay\Documents\Processing\libraries\GSVideo\library\gstreamer\windows32\libgstnet-0.10-0.dll
0x71f90000 - 0x72011000 	C:\Windows\SYSTEM32\sxs.dll
0x6a200000 - 0x6a21d000 	C:\Users\Sujay\Documents\Processing\libraries\GSVideo\library\gstreamer\windows32\libgstnetbuffer-0.10-0.dll
0x69f00000 - 0x69f57000 	C:\Users\Sujay\Documents\Processing\libraries\GSVideo\library\gstreamer\windows32\libgstpbutils-0.10-0.dll
0x1b200000 - 0x1b222000 	C:\Users\Sujay\Documents\Processing\libraries\GSVideo\library\gstreamer\windows32\libgstphotography-0.10-0.dll
0x70140000 - 0x7016d000 	C:\Users\Sujay\Documents\Processing\libraries\GSVideo\library\gstreamer\windows32\libgstriff-0.10-0.dll
0x1b230000 - 0x1b282000 	C:\Users\Sujay\Documents\Processing\libraries\GSVideo\library\gstreamer\windows32\libgstrtp-0.10-0.dll
0x69740000 - 0x69786000 	C:\Users\Sujay\Documents\Processing\libraries\GSVideo\library\gstreamer\windows32\libgstrtsp-0.10-0.dll
0x628c0000 - 0x628e7000 	C:\Users\Sujay\Documents\Processing\libraries\GSVideo\library\gstreamer\windows32\libgstsdp-0.10-0.dll
0x64a40000 - 0x64a67000 	C:\Users\Sujay\Documents\Processing\libraries\GSVideo\library\gstreamer\windows32\libgstsignalprocessor-0.10-0.dll
0x1b290000 - 0x1b2e5000 	C:\Users\Sujay\Documents\Processing\libraries\GSVideo\library\gstreamer\windows32\libjpeg-8.dll
0x6eb80000 - 0x6ec13000 	C:\Users\Sujay\Documents\Processing\libraries\GSVideo\library\gstreamer\windows32\libmp3lame-0.dll
0x70680000 - 0x7069f000 	C:\Users\Sujay\Documents\Processing\libraries\GSVideo\library\gstreamer\windows32\libogg-0.dll
0x65680000 - 0x6572e000 	C:\Users\Sujay\Documents\Processing\libraries\GSVideo\library\gstreamer\windows32\liborc-0.4-0.dll
0x69d80000 - 0x69da1000 	C:\Users\Sujay\Documents\Processing\libraries\GSVideo\library\gstreamer\windows32\liborc-test-0.4-0.dll
0x61a00000 - 0x61a55000 	C:\Users\Sujay\Documents\Processing\libraries\GSVideo\library\gstreamer\windows32\libpng14-14.dll
0x1b2f0000 - 0x1b356000 	C:\Users\Sujay\Documents\Processing\libraries\GSVideo\library\gstreamer\windows32\libtheora-0.dll
0x65b40000 - 0x65b71000 	C:\Users\Sujay\Documents\Processing\libraries\GSVideo\library\gstreamer\windows32\libtheoradec-1.dll
0x63100000 - 0x63158000 	C:\Users\Sujay\Documents\Processing\libraries\GSVideo\library\gstreamer\windows32\libtheoraenc-1.dll
0x1b360000 - 0x1b3a4000 	C:\Users\Sujay\Documents\Processing\libraries\GSVideo\library\gstreamer\windows32\libvorbis-0.dll
0x1b3b0000 - 0x1b53d000 	C:\Users\Sujay\Documents\Processing\libraries\GSVideo\library\gstreamer\windows32\libvorbisenc-2.dll
0x6b3c0000 - 0x6b3e2000 	C:\Users\Sujay\Documents\Processing\libraries\GSVideo\library\gstreamer\windows32\libvorbisfile-3.dll
0x69180000 - 0x691c9000 	C:\Users\Sujay\Documents\Processing\libraries\GSVideo\library\gstreamer\windows32\libwavpack-1.dll
0x67b80000 - 0x67bae000 	C:\Users\Sujay\Documents\Processing\libraries\GSVideo\library\gstreamer\windows32\plugins\libgstadder.dll
0x71100000 - 0x71123000 	C:\Users\Sujay\Documents\Processing\libraries\GSVideo\library\gstreamer\windows32\plugins\libgstadpcmdec.dll
0x6a1c0000 - 0x6a1e3000 	C:\Users\Sujay\Documents\Processing\libraries\GSVideo\library\gstreamer\windows32\plugins\libgstadpcmenc.dll

VM Arguments:
jvm_args: -Xrunjdwp:transport=dt_shmem,address=127.0.0.1:8427,suspend=y -Djava.library.path=;F:\AR\AR-CD\processing-1.5.1\modes\java\libraries\video\library;F:\AR\AR-CD\processing-1.5.1\modes\java\libraries\opengl\library\windows32;C:\Users\Sujay\Documents\Processing\libraries\GSVideo\library;C:\Users\Sujay\Documents\Processing\libraries\NyARToolkit\library;C:\Users\Sujay\Documents\Processing\libraries\OBJLoader\library;F:\AR\AR-CD\processing-1.5.1\java\bin;.;C:\Windows\system32;C:\Windows;C:\Program Files (x86)\Intel\iCLS Client;C:\Program Files\Intel\iCLS Client;C:\Windows\system32;C:\Windows;C:\Windows\System32\Wbem;C:\Windows\System32\WindowsPowerShell\v1.0;C:\Program Files\Intel\WiFi\bin;C:\Program Files\Common Files\Intel\WirelessCommon;C:\Program Files (x86)\Intel\Intel(R) Management Engine Components\DAL;C:\Program Files\Intel\Intel(R) Management Engine Components\DAL;C:\Program Files (x86)\Intel\Intel(R) Management Engine Components\IPT;C:\Program Files\Intel\Intel(R) Management Engine Components\IPT;C:\Program Files (x86)\NVIDIA Corporation\PhysX\Common;C:\Program Files (x86)\Windows Kits\8.1\Windows Performance Toolkit;C:\Program Files\Microsoft SQL Server\110\Tools\Binn;C:\Program Files (x86)\Common Files\lenovo\easyplussdk\bin;C:\Program Files (x86)\QuickTime\QTSystem;C:\adb;C:\Android;C:\Program Files\Intel\WiFi\bin;C:\Program Files\Common Files\Intel\WirelessCommon;F:\AR\AR-CD\processing-1.5.1\java\bin -ea 
java_command: processing.core.PApplet --location=44,240 --external --display=1 --sketch-path=F:\MINI PROJECT\project\first first
Launcher Type: SUN_STANDARD

Environment Variables:
CLASSPATH=.;C:\Program Files (x86)\QuickTime\QTSystem\QTJava.zip
PATH=C:\Program Files (x86)\Intel\iCLS Client\;C:\Program Files\Intel\iCLS Client\;C:\Windows\system32;C:\Windows;C:\Windows\System32\Wbem;C:\Windows\System32\WindowsPowerShell\v1.0\;C:\Program Files\Intel\WiFi\bin\;C:\Program Files\Common Files\Intel\WirelessCommon\;C:\Program Files (x86)\Intel\Intel(R) Management Engine Components\DAL;C:\Program Files\Intel\Intel(R) Management Engine Components\DAL;C:\Program Files (x86)\Intel\Intel(R) Management Engine Components\IPT;C:\Program Files\Intel\Intel(R) Management Engine Components\IPT;C:\Program Files (x86)\NVIDIA Corporation\PhysX\Common;C:\Program Files (x86)\Windows Kits\8.1\Windows Performance Toolkit\;C:\Program Files\Microsoft SQL Server\110\Tools\Binn\;C:\Program Files (x86)\Common Files\lenovo\easyplussdk\bin;C:\Program Files (x86)\QuickTime\QTSystem\;;C:\adb;C:\Android;C:\Program Files\Intel\WiFi\bin\;C:\Program Files\Common Files\Intel\WirelessCommon\;F:\AR\AR-CD\processing-1.5.1\java\bin
USERNAME=Sujay
OS=Windows_NT
PROCESSOR_IDENTIFIER=Intel64 Family 6 Model 71 Stepping 1, GenuineIntel



---------------  S Y S T E M  ---------------

OS: Windows NT 6.2 Build 9200 

CPU:total 8 (4 cores per cpu, 2 threads per core) family 6 model 71 stepping 1, cmov, cx8, fxsr, mmx, sse, sse2, sse3, ssse3, sse4.1, sse4.2, popcnt, ht

Memory: 4k page, physical 16690536k(12848448k free), swap 33467752k(29152192k free)

vm_info: Java HotSpot(TM) Client VM (19.1-b02) for windows-x86 JRE (1.6.0_24-b07), built on Feb  2 2011 17:44:41 by "java_re" with MS VC++ 7.1 (VS2003)

time: Fri Mar 11 12:57:28 2016
elapsed time: 78 seconds

